Analysis & Synthesis report for sync_fifo
Tue Feb 03 10:51:52 2026
Quartus II 64-Bit Version 13.0.0 Build 156 04/24/2013 SJ Full Version


---------------------
; Table of Contents ;
---------------------
  1. Legal Notice
  2. Analysis & Synthesis Summary
  3. Analysis & Synthesis Settings
  4. Parallel Compilation
  5. Analysis & Synthesis Source Files Read
  6. Analysis & Synthesis Resource Usage Summary
  7. Analysis & Synthesis Resource Utilization by Entity
  8. Analysis & Synthesis RAM Summary
  9. Analysis & Synthesis IP Cores Summary
 10. General Register Statistics
 11. Source assignments for fifo:u_fifo|scfifo:scfifo_component|scfifo_mb31:auto_generated|a_dpfifo_th31:dpfifo|dpram_ne11:FIFOram|altsyncram_i4k1:altsyncram1
 12. Parameter Settings for User Entity Instance: Top-level Entity: |sync_fifo
 13. Parameter Settings for User Entity Instance: fifo:u_fifo|scfifo:scfifo_component
 14. scfifo Parameter Settings by Entity Instance
 15. Elapsed Time Per Partition
 16. Analysis & Synthesis Messages



----------------
; Legal Notice ;
----------------
Copyright (C) 1991-2013 Altera Corporation
Your use of Altera Corporation's design tools, logic functions 
and other software and tools, and its AMPP partner logic 
functions, and any output files from any of the foregoing 
(including device programming or simulation files), and any 
associated documentation or information are expressly subject 
to the terms and conditions of the Altera Program License 
Subscription Agreement, Altera MegaCore Function License 
Agreement, or other applicable license agreement, including, 
without limitation, that your use is for the sole purpose of 
programming logic devices manufactured by Altera and sold by 
Altera or its authorized distributors.  Please refer to the 
applicable agreement for further details.



+----------------------------------------------------------------------------------+
; Analysis & Synthesis Summary                                                     ;
+------------------------------------+---------------------------------------------+
; Analysis & Synthesis Status        ; Successful - Tue Feb 03 10:51:52 2026       ;
; Quartus II 64-Bit Version          ; 13.0.0 Build 156 04/24/2013 SJ Full Version ;
; Revision Name                      ; sync_fifo                                   ;
; Top-level Entity Name              ; sync_fifo                                   ;
; Family                             ; Cyclone IV GX                               ;
; Total logic elements               ; 32                                          ;
;     Total combinational functions  ; 32                                          ;
;     Dedicated logic registers      ; 23                                          ;
; Total registers                    ; 23                                          ;
; Total pins                         ; 22                                          ;
; Total virtual pins                 ; 0                                           ;
; Total memory bits                  ; 1,024                                       ;
; Embedded Multiplier 9-bit elements ; 0                                           ;
; Total GXB Receiver Channel PCS     ; 0                                           ;
; Total GXB Receiver Channel PMA     ; 0                                           ;
; Total GXB Transmitter Channel PCS  ; 0                                           ;
; Total GXB Transmitter Channel PMA  ; 0                                           ;
; Total PLLs                         ; 0                                           ;
+------------------------------------+---------------------------------------------+


+----------------------------------------------------------------------------------------------------------------------+
; Analysis & Synthesis Settings                                                                                        ;
+----------------------------------------------------------------------------+--------------------+--------------------+
; Option                                                                     ; Setting            ; Default Value      ;
+----------------------------------------------------------------------------+--------------------+--------------------+
; Top-level entity name                                                      ; sync_fifo          ; sync_fifo          ;
; Family name                                                                ; Cyclone IV GX      ; Cyclone IV GX      ;
; Use smart compilation                                                      ; Off                ; Off                ;
; Enable parallel Assembler and TimeQuest Timing Analyzer during compilation ; On                 ; On                 ;
; Enable compact report table                                                ; Off                ; Off                ;
; Restructure Multiplexers                                                   ; Auto               ; Auto               ;
; Create Debugging Nodes for IP Cores                                        ; Off                ; Off                ;
; Preserve fewer node names                                                  ; On                 ; On                 ;
; Disable OpenCore Plus hardware evaluation                                  ; Off                ; Off                ;
; Verilog Version                                                            ; Verilog_2001       ; Verilog_2001       ;
; VHDL Version                                                               ; VHDL_1993          ; VHDL_1993          ;
; State Machine Processing                                                   ; Auto               ; Auto               ;
; Safe State Machine                                                         ; Off                ; Off                ;
; Extract Verilog State Machines                                             ; On                 ; On                 ;
; Extract VHDL State Machines                                                ; On                 ; On                 ;
; Ignore Verilog initial constructs                                          ; Off                ; Off                ;
; Iteration limit for constant Verilog loops                                 ; 5000               ; 5000               ;
; Iteration limit for non-constant Verilog loops                             ; 250                ; 250                ;
; Add Pass-Through Logic to Inferred RAMs                                    ; On                 ; On                 ;
; Infer RAMs from Raw Logic                                                  ; On                 ; On                 ;
; Parallel Synthesis                                                         ; On                 ; On                 ;
; DSP Block Balancing                                                        ; Auto               ; Auto               ;
; NOT Gate Push-Back                                                         ; On                 ; On                 ;
; Power-Up Don't Care                                                        ; On                 ; On                 ;
; Remove Redundant Logic Cells                                               ; Off                ; Off                ;
; Remove Duplicate Registers                                                 ; On                 ; On                 ;
; Ignore CARRY Buffers                                                       ; Off                ; Off                ;
; Ignore CASCADE Buffers                                                     ; Off                ; Off                ;
; Ignore GLOBAL Buffers                                                      ; Off                ; Off                ;
; Ignore ROW GLOBAL Buffers                                                  ; Off                ; Off                ;
; Ignore LCELL Buffers                                                       ; Off                ; Off                ;
; Ignore SOFT Buffers                                                        ; On                 ; On                 ;
; Limit AHDL Integers to 32 Bits                                             ; Off                ; Off                ;
; Optimization Technique                                                     ; Balanced           ; Balanced           ;
; Carry Chain Length                                                         ; 70                 ; 70                 ;
; Auto Carry Chains                                                          ; On                 ; On                 ;
; Auto Open-Drain Pins                                                       ; On                 ; On                 ;
; Perform WYSIWYG Primitive Resynthesis                                      ; Off                ; Off                ;
; Auto ROM Replacement                                                       ; On                 ; On                 ;
; Auto RAM Replacement                                                       ; On                 ; On                 ;
; Auto DSP Block Replacement                                                 ; On                 ; On                 ;
; Auto Shift Register Replacement                                            ; Auto               ; Auto               ;
; Allow Shift Register Merging across Hierarchies                            ; Auto               ; Auto               ;
; Auto Clock Enable Replacement                                              ; On                 ; On                 ;
; Strict RAM Replacement                                                     ; Off                ; Off                ;
; Allow Synchronous Control Signals                                          ; On                 ; On                 ;
; Force Use of Synchronous Clear Signals                                     ; Off                ; Off                ;
; Auto RAM Block Balancing                                                   ; On                 ; On                 ;
; Auto RAM to Logic Cell Conversion                                          ; Off                ; Off                ;
; Auto Resource Sharing                                                      ; Off                ; Off                ;
; Allow Any RAM Size For Recognition                                         ; Off                ; Off                ;
; Allow Any ROM Size For Recognition                                         ; Off                ; Off                ;
; Allow Any Shift Register Size For Recognition                              ; Off                ; Off                ;
; Use LogicLock Constraints during Resource Balancing                        ; On                 ; On                 ;
; Ignore translate_off and synthesis_off directives                          ; Off                ; Off                ;
; Timing-Driven Synthesis                                                    ; On                 ; On                 ;
; Report Parameter Settings                                                  ; On                 ; On                 ;
; Report Source Assignments                                                  ; On                 ; On                 ;
; Report Connectivity Checks                                                 ; On                 ; On                 ;
; Ignore Maximum Fan-Out Assignments                                         ; Off                ; Off                ;
; Synchronization Register Chain Length                                      ; 2                  ; 2                  ;
; PowerPlay Power Optimization                                               ; Normal compilation ; Normal compilation ;
; HDL message level                                                          ; Level2             ; Level2             ;
; Suppress Register Optimization Related Messages                            ; Off                ; Off                ;
; Number of Removed Registers Reported in Synthesis Report                   ; 5000               ; 5000               ;
; Number of Swept Nodes Reported in Synthesis Report                         ; 5000               ; 5000               ;
; Number of Inverted Registers Reported in Synthesis Report                  ; 100                ; 100                ;
; Clock MUX Protection                                                       ; On                 ; On                 ;
; Auto Gated Clock Conversion                                                ; Off                ; Off                ;
; Block Design Naming                                                        ; Auto               ; Auto               ;
; SDC constraint protection                                                  ; Off                ; Off                ;
; Synthesis Effort                                                           ; Auto               ; Auto               ;
; Shift Register Replacement - Allow Asynchronous Clear Signal               ; On                 ; On                 ;
; Pre-Mapping Resynthesis Optimization                                       ; Off                ; Off                ;
; Analysis & Synthesis Message Level                                         ; Medium             ; Medium             ;
; Disable Register Merging Across Hierarchies                                ; Auto               ; Auto               ;
; Resource Aware Inference For Block RAM                                     ; On                 ; On                 ;
; Synthesis Seed                                                             ; 1                  ; 1                  ;
+----------------------------------------------------------------------------+--------------------+--------------------+


+------------------------------------------+
; Parallel Compilation                     ;
+----------------------------+-------------+
; Processors                 ; Number      ;
+----------------------------+-------------+
; Number detected on machine ; 8           ;
; Maximum allowed            ; 4           ;
;                            ;             ;
; Average used               ; 1.00        ;
; Maximum used               ; 1           ;
;                            ;             ;
; Usage by Processor         ; % Time Used ;
;     Processor 1            ; 100.0%      ;
;     Processors 2-8         ;   0.0%      ;
+----------------------------+-------------+


+-------------------------------------------------------------------------------------------------------------------------------------------------------------------------+
; Analysis & Synthesis Source Files Read                                                                                                                                  ;
+----------------------------------+-----------------+------------------------------+---------------------------------------------------------------------------+---------+
; File Name with User-Entered Path ; Used in Netlist ; File Type                    ; File Name with Absolute Path                                              ; Library ;
+----------------------------------+-----------------+------------------------------+---------------------------------------------------------------------------+---------+
; ../rtl/sync_fifo.v               ; yes             ; User Verilog HDL File        ; C:/Users/duzhe/OneDrive/Desktop/FPGA/sync_fifo/rtl/sync_fifo.v            ;         ;
; fifo.v                           ; yes             ; User Wizard-Generated File   ; C:/Users/duzhe/OneDrive/Desktop/FPGA/sync_fifo/prj/fifo.v                 ;         ;
; scfifo.tdf                       ; yes             ; Megafunction                 ; d:/quartus_13_0/quartus/libraries/megafunctions/scfifo.tdf                ;         ;
; a_regfifo.inc                    ; yes             ; Megafunction                 ; d:/quartus_13_0/quartus/libraries/megafunctions/a_regfifo.inc             ;         ;
; a_dpfifo.inc                     ; yes             ; Megafunction                 ; d:/quartus_13_0/quartus/libraries/megafunctions/a_dpfifo.inc              ;         ;
; a_i2fifo.inc                     ; yes             ; Megafunction                 ; d:/quartus_13_0/quartus/libraries/megafunctions/a_i2fifo.inc              ;         ;
; a_fffifo.inc                     ; yes             ; Megafunction                 ; d:/quartus_13_0/quartus/libraries/megafunctions/a_fffifo.inc              ;         ;
; a_f2fifo.inc                     ; yes             ; Megafunction                 ; d:/quartus_13_0/quartus/libraries/megafunctions/a_f2fifo.inc              ;         ;
; aglobal130.inc                   ; yes             ; Megafunction                 ; d:/quartus_13_0/quartus/libraries/megafunctions/aglobal130.inc            ;         ;
; db/scfifo_mb31.tdf               ; yes             ; Auto-Generated Megafunction  ; C:/Users/duzhe/OneDrive/Desktop/FPGA/sync_fifo/prj/db/scfifo_mb31.tdf     ;         ;
; db/a_dpfifo_th31.tdf             ; yes             ; Auto-Generated Megafunction  ; C:/Users/duzhe/OneDrive/Desktop/FPGA/sync_fifo/prj/db/a_dpfifo_th31.tdf   ;         ;
; db/a_fefifo_u7e.tdf              ; yes             ; Auto-Generated Megafunction  ; C:/Users/duzhe/OneDrive/Desktop/FPGA/sync_fifo/prj/db/a_fefifo_u7e.tdf    ;         ;
; db/cntr_8s7.tdf                  ; yes             ; Auto-Generated Megafunction  ; C:/Users/duzhe/OneDrive/Desktop/FPGA/sync_fifo/prj/db/cntr_8s7.tdf        ;         ;
; db/dpram_ne11.tdf                ; yes             ; Auto-Generated Megafunction  ; C:/Users/duzhe/OneDrive/Desktop/FPGA/sync_fifo/prj/db/dpram_ne11.tdf      ;         ;
; db/altsyncram_i4k1.tdf           ; yes             ; Auto-Generated Megafunction  ; C:/Users/duzhe/OneDrive/Desktop/FPGA/sync_fifo/prj/db/altsyncram_i4k1.tdf ;         ;
; db/cntr_srb.tdf                  ; yes             ; Auto-Generated Megafunction  ; C:/Users/duzhe/OneDrive/Desktop/FPGA/sync_fifo/prj/db/cntr_srb.tdf        ;         ;
+----------------------------------+-----------------+------------------------------+---------------------------------------------------------------------------+---------+


+---------------------------------------------+
; Analysis & Synthesis Resource Usage Summary ;
+--------------------------+------------------+
; Resource                 ; Usage            ;
+--------------------------+------------------+
; I/O pins                 ; 22               ;
; Total memory bits        ; 1024             ;
; DSP block 9-bit elements ; 0                ;
; Maximum fan-out node     ; i_sys_clk~input  ;
; Maximum fan-out          ; 31               ;
; Total fan-out            ; 325              ;
; Average fan-out          ; 3.04             ;
+--------------------------+------------------+


+----------------------------------------------------------------------------------------------------------------------------------------------------------------------------------------------------------------------------------------------------------------------------------------------------------------------------------------+
; Analysis & Synthesis Resource Utilization by Entity                                                                                                                                                                                                                                                                                    ;
+-------------------------------------------------+-------------------+--------------+-------------+--------------+---------+-----------+-----------+------+--------------+-----------------------------------------------------------------------------------------------------------------------------------------------+--------------+
; Compilation Hierarchy Node                      ; LC Combinationals ; LC Registers ; Memory Bits ; DSP Elements ; DSP 9x9 ; DSP 18x18 ; DSP 36x36 ; Pins ; Virtual Pins ; Full Hierarchy Name                                                                                                                           ; Library Name ;
+-------------------------------------------------+-------------------+--------------+-------------+--------------+---------+-----------+-----------+------+--------------+-----------------------------------------------------------------------------------------------------------------------------------------------+--------------+
; |sync_fifo                                      ; 32 (0)            ; 23 (0)       ; 1024        ; 0            ; 0       ; 0         ; 0         ; 22   ; 0            ; |sync_fifo                                                                                                                                    ;              ;
;    |fifo:u_fifo|                                ; 32 (0)            ; 23 (0)       ; 1024        ; 0            ; 0       ; 0         ; 0         ; 0    ; 0            ; |sync_fifo|fifo:u_fifo                                                                                                                        ;              ;
;       |scfifo:scfifo_component|                 ; 32 (0)            ; 23 (0)       ; 1024        ; 0            ; 0       ; 0         ; 0         ; 0    ; 0            ; |sync_fifo|fifo:u_fifo|scfifo:scfifo_component                                                                                                ;              ;
;          |scfifo_mb31:auto_generated|           ; 32 (0)            ; 23 (0)       ; 1024        ; 0            ; 0       ; 0         ; 0         ; 0    ; 0            ; |sync_fifo|fifo:u_fifo|scfifo:scfifo_component|scfifo_mb31:auto_generated                                                                     ;              ;
;             |a_dpfifo_th31:dpfifo|              ; 32 (2)            ; 23 (0)       ; 1024        ; 0            ; 0       ; 0         ; 0         ; 0    ; 0            ; |sync_fifo|fifo:u_fifo|scfifo:scfifo_component|scfifo_mb31:auto_generated|a_dpfifo_th31:dpfifo                                                ;              ;
;                |a_fefifo_u7e:fifo_state|        ; 16 (9)            ; 9 (2)        ; 0           ; 0            ; 0       ; 0         ; 0         ; 0    ; 0            ; |sync_fifo|fifo:u_fifo|scfifo:scfifo_component|scfifo_mb31:auto_generated|a_dpfifo_th31:dpfifo|a_fefifo_u7e:fifo_state                        ;              ;
;                   |cntr_8s7:count_usedw|        ; 7 (7)             ; 7 (7)        ; 0           ; 0            ; 0       ; 0         ; 0         ; 0    ; 0            ; |sync_fifo|fifo:u_fifo|scfifo:scfifo_component|scfifo_mb31:auto_generated|a_dpfifo_th31:dpfifo|a_fefifo_u7e:fifo_state|cntr_8s7:count_usedw   ;              ;
;                |cntr_srb:rd_ptr_count|          ; 7 (7)             ; 7 (7)        ; 0           ; 0            ; 0       ; 0         ; 0         ; 0    ; 0            ; |sync_fifo|fifo:u_fifo|scfifo:scfifo_component|scfifo_mb31:auto_generated|a_dpfifo_th31:dpfifo|cntr_srb:rd_ptr_count                          ;              ;
;                |cntr_srb:wr_ptr|                ; 7 (7)             ; 7 (7)        ; 0           ; 0            ; 0       ; 0         ; 0         ; 0    ; 0            ; |sync_fifo|fifo:u_fifo|scfifo:scfifo_component|scfifo_mb31:auto_generated|a_dpfifo_th31:dpfifo|cntr_srb:wr_ptr                                ;              ;
;                |dpram_ne11:FIFOram|             ; 0 (0)             ; 0 (0)        ; 1024        ; 0            ; 0       ; 0         ; 0         ; 0    ; 0            ; |sync_fifo|fifo:u_fifo|scfifo:scfifo_component|scfifo_mb31:auto_generated|a_dpfifo_th31:dpfifo|dpram_ne11:FIFOram                             ;              ;
;                   |altsyncram_i4k1:altsyncram1| ; 0 (0)             ; 0 (0)        ; 1024        ; 0            ; 0       ; 0         ; 0         ; 0    ; 0            ; |sync_fifo|fifo:u_fifo|scfifo:scfifo_component|scfifo_mb31:auto_generated|a_dpfifo_th31:dpfifo|dpram_ne11:FIFOram|altsyncram_i4k1:altsyncram1 ;              ;
+-------------------------------------------------+-------------------+--------------+-------------+--------------+---------+-----------+-----------+------+--------------+-----------------------------------------------------------------------------------------------------------------------------------------------+--------------+
Note: For table entries with two numbers listed, the numbers in parentheses indicate the number of resources of the given type used by the specific entity alone. The numbers listed outside of parentheses indicate the total resources of the given type used by the specific entity and all of its sub-entities in the hierarchy.


+---------------------------------------------------------------------------------------------------------------------------------------------------------------------------------------------------------------------------------------------------+
; Analysis & Synthesis RAM Summary                                                                                                                                                                                                                  ;
+-----------------------------------------------------------------------------------------------------------------------------------------------+------+------------------+--------------+--------------+--------------+--------------+------+------+
; Name                                                                                                                                          ; Type ; Mode             ; Port A Depth ; Port A Width ; Port B Depth ; Port B Width ; Size ; MIF  ;
+-----------------------------------------------------------------------------------------------------------------------------------------------+------+------------------+--------------+--------------+--------------+--------------+------+------+
; fifo:u_fifo|scfifo:scfifo_component|scfifo_mb31:auto_generated|a_dpfifo_th31:dpfifo|dpram_ne11:FIFOram|altsyncram_i4k1:altsyncram1|ALTSYNCRAM ; AUTO ; Simple Dual Port ; 128          ; 8            ; 128          ; 8            ; 1024 ; None ;
+-----------------------------------------------------------------------------------------------------------------------------------------------+------+------------------+--------------+--------------+--------------+--------------+------+------+


+----------------------------------------------------------------------------------------------------------------------------------------------------+
; Analysis & Synthesis IP Cores Summary                                                                                                              ;
+--------+--------------+---------+--------------+--------------+------------------------+-----------------------------------------------------------+
; Vendor ; IP Core Name ; Version ; Release Date ; License Type ; Entity Instance        ; IP Include File                                           ;
+--------+--------------+---------+--------------+--------------+------------------------+-----------------------------------------------------------+
; Altera ; FIFO         ; 13.0    ; N/A          ; N/A          ; |sync_fifo|fifo:u_fifo ; C:/Users/duzhe/OneDrive/Desktop/FPGA/sync_fifo/prj/fifo.v ;
+--------+--------------+---------+--------------+--------------+------------------------+-----------------------------------------------------------+


+------------------------------------------------------+
; General Register Statistics                          ;
+----------------------------------------------+-------+
; Statistic                                    ; Value ;
+----------------------------------------------+-------+
; Total registers                              ; 23    ;
; Number of registers using Synchronous Clear  ; 0     ;
; Number of registers using Synchronous Load   ; 0     ;
; Number of registers using Asynchronous Clear ; 0     ;
; Number of registers using Asynchronous Load  ; 0     ;
; Number of registers using Clock Enable       ; 21    ;
; Number of registers using Preset             ; 0     ;
+----------------------------------------------+-------+


+-----------------------------------------------------------------------------------------------------------------------------------------------------------+
; Source assignments for fifo:u_fifo|scfifo:scfifo_component|scfifo_mb31:auto_generated|a_dpfifo_th31:dpfifo|dpram_ne11:FIFOram|altsyncram_i4k1:altsyncram1 ;
+---------------------------------+--------------------+------+---------------------------------------------------------------------------------------------+
; Assignment                      ; Value              ; From ; To                                                                                          ;
+---------------------------------+--------------------+------+---------------------------------------------------------------------------------------------+
; OPTIMIZE_POWER_DURING_SYNTHESIS ; NORMAL_COMPILATION ; -    ; -                                                                                           ;
+---------------------------------+--------------------+------+---------------------------------------------------------------------------------------------+


+---------------------------------------------------------------------------+
; Parameter Settings for User Entity Instance: Top-level Entity: |sync_fifo ;
+----------------+-------+--------------------------------------------------+
; Parameter Name ; Value ; Type                                             ;
+----------------+-------+--------------------------------------------------+
; DATA_WIDTH     ; 8     ; Signed Integer                                   ;
; DATA_DEPTH     ; 128   ; Signed Integer                                   ;
+----------------+-------+--------------------------------------------------+
Note: In order to hide this table in the UI and the text report file, please set the "Show Parameter Settings in Synthesis Report" option in "Analysis and Synthesis Settings -> More Settings" to "Off".


+----------------------------------------------------------------------------------+
; Parameter Settings for User Entity Instance: fifo:u_fifo|scfifo:scfifo_component ;
+-------------------------+---------------+----------------------------------------+
; Parameter Name          ; Value         ; Type                                   ;
+-------------------------+---------------+----------------------------------------+
; AUTO_CARRY_CHAINS       ; ON            ; AUTO_CARRY                             ;
; IGNORE_CARRY_BUFFERS    ; OFF           ; IGNORE_CARRY                           ;
; AUTO_CASCADE_CHAINS     ; ON            ; AUTO_CASCADE                           ;
; IGNORE_CASCADE_BUFFERS  ; OFF           ; IGNORE_CASCADE                         ;
; lpm_width               ; 8             ; Signed Integer                         ;
; LPM_NUMWORDS            ; 128           ; Signed Integer                         ;
; LPM_WIDTHU              ; 7             ; Signed Integer                         ;
; LPM_SHOWAHEAD           ; OFF           ; Untyped                                ;
; UNDERFLOW_CHECKING      ; ON            ; Untyped                                ;
; OVERFLOW_CHECKING       ; ON            ; Untyped                                ;
; ALLOW_RWCYCLE_WHEN_FULL ; OFF           ; Untyped                                ;
; ADD_RAM_OUTPUT_REGISTER ; OFF           ; Untyped                                ;
; ALMOST_FULL_VALUE       ; 0             ; Untyped                                ;
; ALMOST_EMPTY_VALUE      ; 0             ; Untyped                                ;
; USE_EAB                 ; ON            ; Untyped                                ;
; MAXIMIZE_SPEED          ; 5             ; Untyped                                ;
; DEVICE_FAMILY           ; Cyclone IV GX ; Untyped                                ;
; OPTIMIZE_FOR_SPEED      ; 5             ; Untyped                                ;
; CBXI_PARAMETER          ; scfifo_mb31   ; Untyped                                ;
+-------------------------+---------------+----------------------------------------+
Note: In order to hide this table in the UI and the text report file, please set the "Show Parameter Settings in Synthesis Report" option in "Analysis and Synthesis Settings -> More Settings" to "Off".


+------------------------------------------------------------------+
; scfifo Parameter Settings by Entity Instance                     ;
+----------------------------+-------------------------------------+
; Name                       ; Value                               ;
+----------------------------+-------------------------------------+
; Number of entity instances ; 1                                   ;
; Entity Instance            ; fifo:u_fifo|scfifo:scfifo_component ;
;     -- FIFO Type           ; Single Clock                        ;
;     -- lpm_width           ; 8                                   ;
;     -- LPM_NUMWORDS        ; 128                                 ;
;     -- LPM_SHOWAHEAD       ; OFF                                 ;
;     -- USE_EAB             ; ON                                  ;
+----------------------------+-------------------------------------+


+-------------------------------+
; Elapsed Time Per Partition    ;
+----------------+--------------+
; Partition Name ; Elapsed Time ;
+----------------+--------------+
; Top            ; 00:00:00     ;
+----------------+--------------+


+-------------------------------+
; Analysis & Synthesis Messages ;
+-------------------------------+
Info: *******************************************************************
Info: Running Quartus II 64-Bit Analysis & Synthesis
    Info: Version 13.0.0 Build 156 04/24/2013 SJ Full Version
    Info: Processing started: Tue Feb 03 10:51:51 2026
Info: Command: quartus_map --read_settings_files=on --write_settings_files=off sync_fifo -c sync_fifo
Info (11104): Parallel Compilation has detected 8 hyper-threaded processors. However, the extra hyper-threaded processors will not be used by default. Parallel Compilation will use 4 of the 4 physical processors detected instead.
Info (12021): Found 1 design units, including 1 entities, in source file /users/duzhe/onedrive/desktop/fpga/sync_fifo/rtl/sync_fifo.v
    Info (12023): Found entity 1: sync_fifo
Info (12021): Found 1 design units, including 1 entities, in source file fifo.v
    Info (12023): Found entity 1: fifo
Info (12021): Found 1 design units, including 1 entities, in source file /users/duzhe/onedrive/desktop/fpga/sync_fifo/tb/tb.v
    Info (12023): Found entity 1: tb
Info (12127): Elaborating entity "sync_fifo" for the top level hierarchy
Info (12128): Elaborating entity "fifo" for hierarchy "fifo:u_fifo"
Info (12128): Elaborating entity "scfifo" for hierarchy "fifo:u_fifo|scfifo:scfifo_component"
Info (12130): Elaborated megafunction instantiation "fifo:u_fifo|scfifo:scfifo_component"
Info (12133): Instantiated megafunction "fifo:u_fifo|scfifo:scfifo_component" with the following parameter:
    Info (12134): Parameter "add_ram_output_register" = "OFF"
    Info (12134): Parameter "intended_device_family" = "Cyclone IV GX"
    Info (12134): Parameter "lpm_numwords" = "128"
    Info (12134): Parameter "lpm_showahead" = "OFF"
    Info (12134): Parameter "lpm_type" = "scfifo"
    Info (12134): Parameter "lpm_width" = "8"
    Info (12134): Parameter "lpm_widthu" = "7"
    Info (12134): Parameter "overflow_checking" = "ON"
    Info (12134): Parameter "underflow_checking" = "ON"
    Info (12134): Parameter "use_eab" = "ON"
Info (12021): Found 1 design units, including 1 entities, in source file db/scfifo_mb31.tdf
    Info (12023): Found entity 1: scfifo_mb31
Info (12128): Elaborating entity "scfifo_mb31" for hierarchy "fifo:u_fifo|scfifo:scfifo_component|scfifo_mb31:auto_generated"
Info (12021): Found 1 design units, including 1 entities, in source file db/a_dpfifo_th31.tdf
    Info (12023): Found entity 1: a_dpfifo_th31
Info (12128): Elaborating entity "a_dpfifo_th31" for hierarchy "fifo:u_fifo|scfifo:scfifo_component|scfifo_mb31:auto_generated|a_dpfifo_th31:dpfifo"
Info (12021): Found 1 design units, including 1 entities, in source file db/a_fefifo_u7e.tdf
    Info (12023): Found entity 1: a_fefifo_u7e
Info (12128): Elaborating entity "a_fefifo_u7e" for hierarchy "fifo:u_fifo|scfifo:scfifo_component|scfifo_mb31:auto_generated|a_dpfifo_th31:dpfifo|a_fefifo_u7e:fifo_state"
Info (12021): Found 1 design units, including 1 entities, in source file db/cntr_8s7.tdf
    Info (12023): Found entity 1: cntr_8s7
Info (12128): Elaborating entity "cntr_8s7" for hierarchy "fifo:u_fifo|scfifo:scfifo_component|scfifo_mb31:auto_generated|a_dpfifo_th31:dpfifo|a_fefifo_u7e:fifo_state|cntr_8s7:count_usedw"
Info (12021): Found 1 design units, including 1 entities, in source file db/dpram_ne11.tdf
    Info (12023): Found entity 1: dpram_ne11
Info (12128): Elaborating entity "dpram_ne11" for hierarchy "fifo:u_fifo|scfifo:scfifo_component|scfifo_mb31:auto_generated|a_dpfifo_th31:dpfifo|dpram_ne11:FIFOram"
Info (12021): Found 1 design units, including 1 entities, in source file db/altsyncram_i4k1.tdf
    Info (12023): Found entity 1: altsyncram_i4k1
Info (12128): Elaborating entity "altsyncram_i4k1" for hierarchy "fifo:u_fifo|scfifo:scfifo_component|scfifo_mb31:auto_generated|a_dpfifo_th31:dpfifo|dpram_ne11:FIFOram|altsyncram_i4k1:altsyncram1"
Info (12021): Found 1 design units, including 1 entities, in source file db/cntr_srb.tdf
    Info (12023): Found entity 1: cntr_srb
Info (12128): Elaborating entity "cntr_srb" for hierarchy "fifo:u_fifo|scfifo:scfifo_component|scfifo_mb31:auto_generated|a_dpfifo_th31:dpfifo|cntr_srb:rd_ptr_count"
Info (286030): Timing-Driven Synthesis is running
Info (16010): Generating hard_block partition "hard_block:auto_generated_inst"
    Info (16011): Adding 0 node(s), including 0 DDIO, 0 PLL, 0 transceiver and 0 LCELL
Warning (21074): Design contains 1 input pin(s) that do not drive logic
    Warning (15610): No output dependent on input pin "i_sys_rst_n"
Info (21057): Implemented 62 device resources after synthesis - the final resource count might be different
    Info (21058): Implemented 12 input pins
    Info (21059): Implemented 10 output pins
    Info (21061): Implemented 32 logic cells
    Info (21064): Implemented 8 RAM segments
Info: Quartus II 64-Bit Analysis & Synthesis was successful. 0 errors, 2 warnings
    Info: Peak virtual memory: 4670 megabytes
    Info: Processing ended: Tue Feb 03 10:51:52 2026
    Info: Elapsed time: 00:00:01
    Info: Total CPU time (on all processors): 00:00:01


