Flow report for sync_fifo
Tue Feb 03 10:52:05 2026
Quartus II 64-Bit Version 13.0.0 Build 156 04/24/2013 SJ Full Version


---------------------
; Table of Contents ;
---------------------
  1. Legal Notice
  2. Flow Summary
  3. Flow Settings
  4. Flow Non-Default Global Settings
  5. Flow Elapsed Time
  6. Flow OS Summary
  7. Flow Log
  8. Flow Messages
  9. Flow Suppressed Messages



----------------
; Legal Notice ;
----------------
Copyright (C) 1991-2013 Altera Corporation
Your use of Altera Corporation's design tools, logic functions 
and other software and tools, and its AMPP partner logic 
functions, and any output files from any of the foregoing 
(including device programming or simulation files), and any 
associated documentation or information are expressly subject 
to the terms and conditions of the Altera Program License 
Subscription Agreement, Altera MegaCore Function License 
Agreement, or other applicable license agreement, including, 
without limitation, that your use is for the sole purpose of 
programming logic devices manufactured by Altera and sold by 
Altera or its authorized distributors.  Please refer to the 
applicable agreement for further details.



+----------------------------------------------------------------------------------+
; Flow Summary                                                                     ;
+------------------------------------+---------------------------------------------+
; Flow Status                        ; Successful - Tue Feb 03 10:52:05 2026       ;
; Quartus II 64-Bit Version          ; 13.0.0 Build 156 04/24/2013 SJ Full Version ;
; Revision Name                      ; sync_fifo                                   ;
; Top-level Entity Name              ; sync_fifo                                   ;
; Family                             ; Cyclone IV GX                               ;
; Total logic elements               ; 32 / 14,400 ( < 1 % )                       ;
;     Total combinational functions  ; 32 / 14,400 ( < 1 % )                       ;
;     Dedicated logic registers      ; 23 / 14,400 ( < 1 % )                       ;
; Total registers                    ; 23                                          ;
; Total pins                         ; 22 / 81 ( 27 % )                            ;
; Total virtual pins                 ; 0                                           ;
; Total memory bits                  ; 1,024 / 552,960 ( < 1 % )                   ;
; Embedded Multiplier 9-bit elements ; 0                                           ;
; Total GXB Receiver Channel PCS     ; 0 / 2 ( 0 % )                               ;
; Total GXB Receiver Channel PMA     ; 0 / 2 ( 0 % )                               ;
; Total GXB Transmitter Channel PCS  ; 0 / 2 ( 0 % )                               ;
; Total GXB Transmitter Channel PMA  ; 0 / 2 ( 0 % )                               ;
; Total PLLs                         ; 0 / 3 ( 0 % )                               ;
; Device                             ; EP4CGX15BF14C6                              ;
; Timing Models                      ; Final                                       ;
+------------------------------------+---------------------------------------------+


+-----------------------------------------+
; Flow Settings                           ;
+-------------------+---------------------+
; Option            ; Setting             ;
+-------------------+---------------------+
; Start date & time ; 02/03/2026 10:51:51 ;
; Main task         ; Compilation         ;
; Revision Name     ; sync_fifo           ;
+-------------------+---------------------+


+----------------------------------------------------------------------------------------------------------------------+
; Flow Non-Default Global Settings                                                                                     ;
+--------------------------------------+--------------------------------+---------------+-------------+----------------+
; Assignment Name                      ; Value                          ; Default Value ; Entity Name ; Section Id     ;
+--------------------------------------+--------------------------------+---------------+-------------+----------------+
; COMPILER_SIGNATURE_ID                ; 62156048830088.177008711117540 ; --            ; --          ; --             ;
; EDA_DESIGN_INSTANCE_NAME             ; NA                             ; --            ; --          ; tb             ;
; EDA_NATIVELINK_SIMULATION_TEST_BENCH ; tb                             ; --            ; --          ; eda_simulation ;
; EDA_OUTPUT_DATA_FORMAT               ; Verilog Hdl                    ; --            ; --          ; eda_simulation ;
; EDA_SIMULATION_TOOL                  ; ModelSim (Verilog)             ; <None>        ; --          ; --             ;
; EDA_TEST_BENCH_ENABLE_STATUS         ; TEST_BENCH_MODE                ; --            ; --          ; eda_simulation ;
; EDA_TEST_BENCH_FILE                  ; ../tb/tb.v                     ; --            ; --          ; tb             ;
; EDA_TEST_BENCH_MODULE_NAME           ; tb                             ; --            ; --          ; tb             ;
; EDA_TEST_BENCH_NAME                  ; tb                             ; --            ; --          ; eda_simulation ;
; EDA_TIME_SCALE                       ; 1 ps                           ; --            ; --          ; eda_simulation ;
; IP_TOOL_NAME                         ; FIFO                           ; --            ; --          ; --             ;
; IP_TOOL_VERSION                      ; 13.0                           ; --            ; --          ; --             ;
; MISC_FILE                            ; fifo_bb.v                      ; --            ; --          ; --             ;
; PARTITION_COLOR                      ; 16764057                       ; --            ; --          ; Top            ;
; PARTITION_FITTER_PRESERVATION_LEVEL  ; PLACEMENT_AND_ROUTING          ; --            ; --          ; Top            ;
; PARTITION_NETLIST_TYPE               ; SOURCE                         ; --            ; --          ; Top            ;
; PROJECT_OUTPUT_DIRECTORY             ; output_files                   ; --            ; --          ; --             ;
+--------------------------------------+--------------------------------+---------------+-------------+----------------+


+-------------------------------------------------------------------------------------------------------------------------------+
; Flow Elapsed Time                                                                                                             ;
+---------------------------+--------------+-------------------------+---------------------+------------------------------------+
; Module Name               ; Elapsed Time ; Average Processors Used ; Peak Virtual Memory ; Total CPU Time (on all processors) ;
+---------------------------+--------------+-------------------------+---------------------+------------------------------------+
; Analysis & Synthesis      ; 00:00:01     ; 1.0                     ; 4670 MB             ; 00:00:01                           ;
; Fitter                    ; 00:00:05     ; 1.6                     ; 5392 MB             ; 00:00:06                           ;
; Assembler                 ; 00:00:01     ; 1.0                     ; 4618 MB             ; 00:00:01                           ;
; TimeQuest Timing Analyzer ; 00:00:02     ; 1.0                     ; 4616 MB             ; 00:00:02                           ;
; EDA Netlist Writer        ; 00:00:01     ; 1.0                     ; 4570 MB             ; 00:00:00                           ;
; Total                     ; 00:00:10     ; --                      ; --                  ; 00:00:10                           ;
+---------------------------+--------------+-------------------------+---------------------+------------------------------------+


+----------------------------------------------------------------------------------------+
; Flow OS Summary                                                                        ;
+---------------------------+------------------+-----------+------------+----------------+
; Module Name               ; Machine Hostname ; OS Name   ; OS Version ; Processor type ;
+---------------------------+------------------+-----------+------------+----------------+
; Analysis & Synthesis      ; duzhenyu         ; Windows 7 ; 6.2        ; x86_64         ;
; Fitter                    ; duzhenyu         ; Windows 7 ; 6.2        ; x86_64         ;
; Assembler                 ; duzhenyu         ; Windows 7 ; 6.2        ; x86_64         ;
; TimeQuest Timing Analyzer ; duzhenyu         ; Windows 7 ; 6.2        ; x86_64         ;
; EDA Netlist Writer        ; duzhenyu         ; Windows 7 ; 6.2        ; x86_64         ;
+---------------------------+------------------+-----------+------------+----------------+


------------
; Flow Log ;
------------
quartus_map --read_settings_files=on --write_settings_files=off sync_fifo -c sync_fifo
quartus_fit --read_settings_files=off --write_settings_files=off sync_fifo -c sync_fifo
quartus_asm --read_settings_files=off --write_settings_files=off sync_fifo -c sync_fifo
quartus_sta sync_fifo -c sync_fifo
quartus_eda --read_settings_files=off --write_settings_files=off sync_fifo -c sync_fifo



